e:\hoctap\game\game socket\tanksocket\tankframework\debug\tankframework.pdb
e:\hoctap\game\game socket\tanksocket\tankframework\debug\tankframework.idb
e:\hoctap\game\game socket\tanksocket\tankframework\debug\tankplayer.obj
e:\hoctap\game\game socket\tanksocket\tankframework\debug\tankenemy.obj
e:\hoctap\game\game socket\tanksocket\tankframework\debug\tank.obj
e:\hoctap\game\game socket\tanksocket\tankframework\debug\sprite.obj
e:\hoctap\game\game socket\tanksocket\tankframework\debug\soundtank.obj
e:\hoctap\game\game socket\tanksocket\tankframework\debug\sound.obj
e:\hoctap\game\game socket\tanksocket\tankframework\debug\scene.obj
e:\hoctap\game\game socket\tanksocket\tankframework\debug\objectmanager.obj
e:\hoctap\game\game socket\tanksocket\tankframework\debug\object.obj
e:\hoctap\game\game socket\tanksocket\tankframework\debug\map.obj
e:\hoctap\game\game socket\tanksocket\tankframework\debug\keyboard.obj
e:\hoctap\game\game socket\tanksocket\tankframework\debug\item.obj
e:\hoctap\game\game socket\tanksocket\tankframework\debug\infosprite.obj
e:\hoctap\game\game socket\tanksocket\tankframework\debug\graphic.obj
e:\hoctap\game\game socket\tanksocket\tankframework\debug\game.obj
e:\hoctap\game\game socket\tanksocket\tankframework\debug\dsutil.obj
e:\hoctap\game\game socket\tanksocket\tankframework\debug\collision.obj
e:\hoctap\game\game socket\tanksocket\tankframework\debug\bullet.obj
e:\hoctap\game\game socket\tanksocket\tankframework\debug\boss.obj
e:\hoctap\game\game socket\tanksocket\tankframework\debug\animation.obj
e:\hoctap\game\game socket\tanksocket\tankframework\debug\viewport.obj
e:\hoctap\game\game socket\tanksocket\tankframework\debug\tinyxmlparser.obj
e:\hoctap\game\game socket\tanksocket\tankframework\debug\tinyxmlerror.obj
e:\hoctap\game\game socket\tanksocket\tankframework\debug\tinyxml.obj
e:\hoctap\game\game socket\tanksocket\tankframework\debug\tinystr.obj
e:\hoctap\game\game socket\tanksocket\debug\tankframework.lib
e:\hoctap\game\game socket\tanksocket\debug\tankframework.pdb
e:\hoctap\game\game socket\tanksocket\tankframework\debug\tankframework.tlog\cl.command.1.tlog
e:\hoctap\game\game socket\tanksocket\tankframework\debug\tankframework.tlog\cl.read.1.tlog
e:\hoctap\game\game socket\tanksocket\tankframework\debug\tankframework.tlog\cl.write.1.tlog
e:\hoctap\game\game socket\tanksocket\tankframework\debug\tankframework.tlog\lib-link.read.1.tlog
e:\hoctap\game\game socket\tanksocket\tankframework\debug\tankframework.tlog\lib-link.write.1.tlog
e:\hoctap\game\game socket\tanksocket\tankframework\debug\tankframework.tlog\lib.command.1.tlog
